<?xml version="1.0" encoding="UTF-8"?>
<!-- Generated by org.testng.reporters.JUnitReportReporter -->
<testsuite skipped="0" hostname="KALAISELVAN-A" name="RestRed" tests="1" failures="0" timestamp="26 Dec 2019 10:41:14 GMT" time="9.669" errors="0">
  <testcase name="createBaseProductOrder" time="9.669" classname="RestRed"/>
</testsuite> <!-- RestRed -->
