<?xml version="1.0" encoding="UTF-8"?>
<!-- Generated by org.testng.reporters.JUnitReportReporter -->
<testsuite skipped="0" hostname="KALAISELVAN-A" name="RestRed" tests="1" failures="0" timestamp="02 Jan 2020 08:07:54 GMT" time="12.123" errors="0">
  <testcase name="createBaseProductOrder" time="12.123" classname="RestRed"/>
</testsuite> <!-- RestRed -->
